<?xml version="1.0" encoding="UTF-8"?>
<testsuite xmlns:xsi="http://www.w3.org/2001/XMLSchema-instance" xsi:noNamespaceSchemaLocation="https://maven.apache.org/surefire/maven-surefire-plugin/xsd/surefire-test-report-3.0.xsd" version="3.0" name="kba.demo.CalculatorVerifyTest" time="0.553" tests="7" errors="0" skipped="0" failures="3">
  <properties>
[...]
</properties>
  <testcase name="verifyArgumentMatcherTest" classname="kba.demo.CalculatorVerifyTest" time="0.51">
    <system-err><![CDATA[WARNING: A Java agent has been loaded dynamically (/Users/tobiaslindhorst/.m2/repository/net/bytebuddy/byte-buddy-agent/1.14.15/byte-buddy-agent-1.14.15.jar)
WARNING: If a serviceability tool is in use, please run with -XX:+EnableDynamicAgentLoading to hide this warning
WARNING: If a serviceability tool is not in use, please run with -Djdk.instrument.traceUsage for more information
WARNING: Dynamic loading of agents will be disallowed by default in a future release
]]></system-err>
  </testcase>
  <testcase name="verifyAddTest" classname="kba.demo.CalculatorVerifyTest" time="0.003"/>
  <testcase name="verifyNoMoreInteractionsTest" classname="kba.demo.CalculatorVerifyTest" time="0.01">
    <failure message="&#10;mathService.add(3, 7);&#10;Wanted 1 time:&#10;-&gt; at kba.demo.CalculatorVerifyTest.verifyNoMoreInteractionsTest(CalculatorVerifyTest.java:84)&#10;But was 2 times:&#10;-&gt; at kba.demo.Calculator.calculateSum(Calculator.java:15)&#10;-&gt; at kba.demo.Calculator.calculateSum(Calculator.java:15)&#10;&#10;" type="org.mockito.exceptions.verification.TooManyActualInvocations"><![CDATA[org.mockito.exceptions.verification.TooManyActualInvocations: 

mathService.add(3, 7);
Wanted 1 time:
-> at kba.demo.CalculatorVerifyTest.verifyNoMoreInteractionsTest(CalculatorVerifyTest.java:84)
But was 2 times:
-> at kba.demo.Calculator.calculateSum(Calculator.java:15)
-> at kba.demo.Calculator.calculateSum(Calculator.java:15)


	at kba.demo.CalculatorVerifyTest.verifyNoMoreInteractionsTest(CalculatorVerifyTest.java:84)
	at java.base/java.lang.reflect.Method.invoke(Method.java:580)
	at java.base/java.util.ArrayList.forEach(ArrayList.java:1597)
	at java.base/java.util.ArrayList.forEach(ArrayList.java:1597)
]]></failure>
  </testcase>
  <testcase name="verifyArgumentCaptorTest" classname="kba.demo.CalculatorVerifyTest" time="0.002">
    <system-out><![CDATA[captorA: 3
captorB: 7
]]></system-out>
  </testcase>
  <testcase name="verifyOrderTest" classname="kba.demo.CalculatorVerifyTest" time="0.004">
    <failure message="&#10;Verification in order failure&#10;Wanted but not invoked:&#10;mathService.add(3, 7);&#10;-&gt; at kba.demo.CalculatorVerifyTest.verifyOrderTest(CalculatorVerifyTest.java:105)&#10;Wanted anywhere AFTER following interaction:&#10;mathService.multiply(4, 5);&#10;-&gt; at kba.demo.Calculator.calculateProduct(Calculator.java:21)&#10;" type="org.mockito.exceptions.verification.VerificationInOrderFailure"><![CDATA[org.mockito.exceptions.verification.VerificationInOrderFailure: 

Verification in order failure
Wanted but not invoked:
mathService.add(3, 7);
-> at kba.demo.CalculatorVerifyTest.verifyOrderTest(CalculatorVerifyTest.java:105)
Wanted anywhere AFTER following interaction:
mathService.multiply(4, 5);
-> at kba.demo.Calculator.calculateProduct(Calculator.java:21)

	at kba.demo.CalculatorVerifyTest.verifyOrderTest(CalculatorVerifyTest.java:105)
	at java.base/java.lang.reflect.Method.invoke(Method.java:580)
	at java.base/java.util.ArrayList.forEach(ArrayList.java:1597)
	at java.base/java.util.ArrayList.forEach(ArrayList.java:1597)
]]></failure>
  </testcase>
  <testcase name="verifyAddWithoutAssertEqualsTest" classname="kba.demo.CalculatorVerifyTest" time="0.002"/>
  <testcase name="verifyAddTimesTest" classname="kba.demo.CalculatorVerifyTest" time="0.002">
    <failure message="&#10;mathService.multiply(4, 5);&#10;Never wanted here:&#10;-&gt; at kba.demo.CalculatorVerifyTest.verifyAddTimesTest(CalculatorVerifyTest.java:69)&#10;But invoked here:&#10;-&gt; at kba.demo.Calculator.calculateProduct(Calculator.java:21) with arguments: [4, 5]&#10;" type="org.mockito.exceptions.verification.NeverWantedButInvoked"><![CDATA[org.mockito.exceptions.verification.NeverWantedButInvoked: 

mathService.multiply(4, 5);
Never wanted here:
-> at kba.demo.CalculatorVerifyTest.verifyAddTimesTest(CalculatorVerifyTest.java:69)
But invoked here:
-> at kba.demo.Calculator.calculateProduct(Calculator.java:21) with arguments: [4, 5]

	at kba.demo.CalculatorVerifyTest.verifyAddTimesTest(CalculatorVerifyTest.java:69)
	at java.base/java.lang.reflect.Method.invoke(Method.java:580)
	at java.base/java.util.ArrayList.forEach(ArrayList.java:1597)
	at java.base/java.util.ArrayList.forEach(ArrayList.java:1597)
]]></failure>
  </testcase>
</testsuite>