<?xml version="1.0" encoding="UTF-8"?>
<testsuite xmlns:xsi="http://www.w3.org/2001/XMLSchema-instance" xsi:noNamespaceSchemaLocation="https://maven.apache.org/surefire/maven-surefire-plugin/xsd/surefire-test-report-3.0.xsd" version="3.0" name="kba.demo.CalculatorVerifyTest" time="0.553" tests="7" errors="0" skipped="0" failures="3">
  <properties>
    <property name="java.specification.version" value="22"/>
    <property name="sun.jnu.encoding" value="UTF-8"/>
    <property name="java.class.path" value="/Users/tobiaslindhorst/HTW_HDD/Semester_4/KBA/kba-demo/target/test-classes:/Users/tobiaslindhorst/HTW_HDD/Semester_4/KBA/kba-demo/target/classes:/Users/tobiaslindhorst/.m2/repository/org/junit/jupiter/junit-jupiter/5.10.2/junit-jupiter-5.10.2.jar:/Users/tobiaslindhorst/.m2/repository/org/junit/jupiter/junit-jupiter-api/5.10.2/junit-jupiter-api-5.10.2.jar:/Users/tobiaslindhorst/.m2/repository/org/opentest4j/opentest4j/1.3.0/opentest4j-1.3.0.jar:/Users/tobiaslindhorst/.m2/repository/org/junit/platform/junit-platform-commons/1.10.2/junit-platform-commons-1.10.2.jar:/Users/tobiaslindhorst/.m2/repository/org/apiguardian/apiguardian-api/1.1.2/apiguardian-api-1.1.2.jar:/Users/tobiaslindhorst/.m2/repository/org/junit/jupiter/junit-jupiter-params/5.10.2/junit-jupiter-params-5.10.2.jar:/Users/tobiaslindhorst/.m2/repository/org/junit/jupiter/junit-jupiter-engine/5.10.2/junit-jupiter-engine-5.10.2.jar:/Users/tobiaslindhorst/.m2/repository/org/junit/platform/junit-platform-engine/1.10.2/junit-platform-engine-1.10.2.jar:/Users/tobiaslindhorst/.m2/repository/org/mockito/mockito-core/5.12.0/mockito-core-5.12.0.jar:/Users/tobiaslindhorst/.m2/repository/net/bytebuddy/byte-buddy/1.14.15/byte-buddy-1.14.15.jar:/Users/tobiaslindhorst/.m2/repository/net/bytebuddy/byte-buddy-agent/1.14.15/byte-buddy-agent-1.14.15.jar:/Users/tobiaslindhorst/.m2/repository/org/objenesis/objenesis/3.3/objenesis-3.3.jar:/Users/tobiaslindhorst/.m2/repository/org/mockito/mockito-junit-jupiter/5.12.0/mockito-junit-jupiter-5.12.0.jar:"/>
    <property name="java.vm.vendor" value="Amazon.com Inc."/>
    <property name="sun.arch.data.model" value="64"/>
    <property name="java.vendor.url" value="https://aws.amazon.com/corretto/"/>
    <property name="user.timezone" value="Europe/Berlin"/>
    <property name="os.name" value="Mac OS X"/>
    <property name="java.vm.specification.version" value="22"/>
    <property name="sun.java.launcher" value="SUN_STANDARD"/>
    <property name="user.country" value="US"/>
    <property name="sun.boot.library.path" value="/Users/tobiaslindhorst/Library/Java/JavaVirtualMachines/corretto-22.0.2/Contents/Home/lib"/>
    <property name="sun.java.command" value="/Users/tobiaslindhorst/HTW_HDD/Semester_4/KBA/kba-demo/target/surefire/surefirebooter-20250513102818703_3.jar /Users/tobiaslindhorst/HTW_HDD/Semester_4/KBA/kba-demo/target/surefire 2025-05-13T10-28-18_666-jvmRun1 surefire-20250513102818703_1tmp surefire_0-20250513102818703_2tmp"/>
    <property name="jdk.debug" value="release"/>
    <property name="surefire.test.class.path" value="/Users/tobiaslindhorst/HTW_HDD/Semester_4/KBA/kba-demo/target/test-classes:/Users/tobiaslindhorst/HTW_HDD/Semester_4/KBA/kba-demo/target/classes:/Users/tobiaslindhorst/.m2/repository/org/junit/jupiter/junit-jupiter/5.10.2/junit-jupiter-5.10.2.jar:/Users/tobiaslindhorst/.m2/repository/org/junit/jupiter/junit-jupiter-api/5.10.2/junit-jupiter-api-5.10.2.jar:/Users/tobiaslindhorst/.m2/repository/org/opentest4j/opentest4j/1.3.0/opentest4j-1.3.0.jar:/Users/tobiaslindhorst/.m2/repository/org/junit/platform/junit-platform-commons/1.10.2/junit-platform-commons-1.10.2.jar:/Users/tobiaslindhorst/.m2/repository/org/apiguardian/apiguardian-api/1.1.2/apiguardian-api-1.1.2.jar:/Users/tobiaslindhorst/.m2/repository/org/junit/jupiter/junit-jupiter-params/5.10.2/junit-jupiter-params-5.10.2.jar:/Users/tobiaslindhorst/.m2/repository/org/junit/jupiter/junit-jupiter-engine/5.10.2/junit-jupiter-engine-5.10.2.jar:/Users/tobiaslindhorst/.m2/repository/org/junit/platform/junit-platform-engine/1.10.2/junit-platform-engine-1.10.2.jar:/Users/tobiaslindhorst/.m2/repository/org/mockito/mockito-core/5.12.0/mockito-core-5.12.0.jar:/Users/tobiaslindhorst/.m2/repository/net/bytebuddy/byte-buddy/1.14.15/byte-buddy-1.14.15.jar:/Users/tobiaslindhorst/.m2/repository/net/bytebuddy/byte-buddy-agent/1.14.15/byte-buddy-agent-1.14.15.jar:/Users/tobiaslindhorst/.m2/repository/org/objenesis/objenesis/3.3/objenesis-3.3.jar:/Users/tobiaslindhorst/.m2/repository/org/mockito/mockito-junit-jupiter/5.12.0/mockito-junit-jupiter-5.12.0.jar:"/>
    <property name="sun.cpu.endian" value="little"/>
    <property name="user.home" value="/Users/tobiaslindhorst"/>
    <property name="user.language" value="en"/>
    <property name="java.specification.vendor" value="Oracle Corporation"/>
    <property name="java.version.date" value="2024-07-16"/>
    <property name="java.home" value="/Users/tobiaslindhorst/Library/Java/JavaVirtualMachines/corretto-22.0.2/Contents/Home"/>
    <property name="file.separator" value="/"/>
    <property name="basedir" value="/Users/tobiaslindhorst/HTW_HDD/Semester_4/KBA/kba-demo"/>
    <property name="java.vm.compressedOopsMode" value="Zero based"/>
    <property name="line.separator" value="&#10;"/>
    <property name="java.vm.specification.vendor" value="Oracle Corporation"/>
    <property name="java.specification.name" value="Java Platform API Specification"/>
    <property name="apple.awt.application.name" value="ForkedBooter"/>
    <property name="surefire.real.class.path" value="/Users/tobiaslindhorst/HTW_HDD/Semester_4/KBA/kba-demo/target/surefire/surefirebooter-20250513102818703_3.jar"/>
    <property name="sun.management.compiler" value="HotSpot 64-Bit Tiered Compilers"/>
    <property name="java.runtime.version" value="22.0.2+9-FR"/>
    <property name="user.name" value="tobiaslindhorst"/>
    <property name="stdout.encoding" value="UTF-8"/>
    <property name="path.separator" value=":"/>
    <property name="os.version" value="15.4.1"/>
    <property name="java.runtime.name" value="OpenJDK Runtime Environment"/>
    <property name="file.encoding" value="UTF-8"/>
    <property name="java.vm.name" value="OpenJDK 64-Bit Server VM"/>
    <property name="java.vendor.version" value="Corretto-22.0.2.9.1"/>
    <property name="localRepository" value="/Users/tobiaslindhorst/.m2/repository"/>
    <property name="java.vendor.url.bug" value="https://github.com/corretto/corretto-22/issues/"/>
    <property name="java.io.tmpdir" value="/var/folders/3c/nr88dn1912358r52xbx9lh880000gn/T/"/>
    <property name="java.version" value="22.0.2"/>
    <property name="user.dir" value="/Users/tobiaslindhorst/HTW_HDD/Semester_4/KBA/kba-demo"/>
    <property name="os.arch" value="aarch64"/>
    <property name="java.vm.specification.name" value="Java Virtual Machine Specification"/>
    <property name="native.encoding" value="UTF-8"/>
    <property name="java.library.path" value="/Users/tobiaslindhorst/Library/Java/Extensions:/Library/Java/Extensions:/Network/Library/Java/Extensions:/System/Library/Java/Extensions:/usr/lib/java:."/>
    <property name="java.vm.info" value="mixed mode, sharing"/>
    <property name="stderr.encoding" value="UTF-8"/>
    <property name="java.vendor" value="Amazon.com Inc."/>
    <property name="java.vm.version" value="22.0.2+9-FR"/>
    <property name="sun.io.unicode.encoding" value="UnicodeBig"/>
    <property name="java.class.version" value="66.0"/>
  </properties>
  <testcase name="verifyArgumentMatcherTest" classname="kba.demo.CalculatorVerifyTest" time="0.51">
    <system-err><![CDATA[WARNING: A Java agent has been loaded dynamically (/Users/tobiaslindhorst/.m2/repository/net/bytebuddy/byte-buddy-agent/1.14.15/byte-buddy-agent-1.14.15.jar)
WARNING: If a serviceability tool is in use, please run with -XX:+EnableDynamicAgentLoading to hide this warning
WARNING: If a serviceability tool is not in use, please run with -Djdk.instrument.traceUsage for more information
WARNING: Dynamic loading of agents will be disallowed by default in a future release
]]></system-err>
  </testcase>
  <testcase name="verifyAddTest" classname="kba.demo.CalculatorVerifyTest" time="0.003"/>
  <testcase name="verifyNoMoreInteractionsTest" classname="kba.demo.CalculatorVerifyTest" time="0.01">
    <failure message="&#10;mathService.add(3, 7);&#10;Wanted 1 time:&#10;-&gt; at kba.demo.CalculatorVerifyTest.verifyNoMoreInteractionsTest(CalculatorVerifyTest.java:84)&#10;But was 2 times:&#10;-&gt; at kba.demo.Calculator.calculateSum(Calculator.java:15)&#10;-&gt; at kba.demo.Calculator.calculateSum(Calculator.java:15)&#10;&#10;" type="org.mockito.exceptions.verification.TooManyActualInvocations"><![CDATA[org.mockito.exceptions.verification.TooManyActualInvocations: 

mathService.add(3, 7);
Wanted 1 time:
-> at kba.demo.CalculatorVerifyTest.verifyNoMoreInteractionsTest(CalculatorVerifyTest.java:84)
But was 2 times:
-> at kba.demo.Calculator.calculateSum(Calculator.java:15)
-> at kba.demo.Calculator.calculateSum(Calculator.java:15)


	at kba.demo.CalculatorVerifyTest.verifyNoMoreInteractionsTest(CalculatorVerifyTest.java:84)
	at java.base/java.lang.reflect.Method.invoke(Method.java:580)
	at java.base/java.util.ArrayList.forEach(ArrayList.java:1597)
	at java.base/java.util.ArrayList.forEach(ArrayList.java:1597)
]]></failure>
  </testcase>
  <testcase name="verifyArgumentCaptorTest" classname="kba.demo.CalculatorVerifyTest" time="0.002">
    <system-out><![CDATA[captorA: 3
captorB: 7
]]></system-out>
  </testcase>
  <testcase name="verifyOrderTest" classname="kba.demo.CalculatorVerifyTest" time="0.004">
    <failure message="&#10;Verification in order failure&#10;Wanted but not invoked:&#10;mathService.add(3, 7);&#10;-&gt; at kba.demo.CalculatorVerifyTest.verifyOrderTest(CalculatorVerifyTest.java:105)&#10;Wanted anywhere AFTER following interaction:&#10;mathService.multiply(4, 5);&#10;-&gt; at kba.demo.Calculator.calculateProduct(Calculator.java:21)&#10;" type="org.mockito.exceptions.verification.VerificationInOrderFailure"><![CDATA[org.mockito.exceptions.verification.VerificationInOrderFailure: 

Verification in order failure
Wanted but not invoked:
mathService.add(3, 7);
-> at kba.demo.CalculatorVerifyTest.verifyOrderTest(CalculatorVerifyTest.java:105)
Wanted anywhere AFTER following interaction:
mathService.multiply(4, 5);
-> at kba.demo.Calculator.calculateProduct(Calculator.java:21)

	at kba.demo.CalculatorVerifyTest.verifyOrderTest(CalculatorVerifyTest.java:105)
	at java.base/java.lang.reflect.Method.invoke(Method.java:580)
	at java.base/java.util.ArrayList.forEach(ArrayList.java:1597)
	at java.base/java.util.ArrayList.forEach(ArrayList.java:1597)
]]></failure>
  </testcase>
  <testcase name="verifyAddWithoutAssertEqualsTest" classname="kba.demo.CalculatorVerifyTest" time="0.002"/>
  <testcase name="verifyAddTimesTest" classname="kba.demo.CalculatorVerifyTest" time="0.002">
    <failure message="&#10;mathService.multiply(4, 5);&#10;Never wanted here:&#10;-&gt; at kba.demo.CalculatorVerifyTest.verifyAddTimesTest(CalculatorVerifyTest.java:69)&#10;But invoked here:&#10;-&gt; at kba.demo.Calculator.calculateProduct(Calculator.java:21) with arguments: [4, 5]&#10;" type="org.mockito.exceptions.verification.NeverWantedButInvoked"><![CDATA[org.mockito.exceptions.verification.NeverWantedButInvoked: 

mathService.multiply(4, 5);
Never wanted here:
-> at kba.demo.CalculatorVerifyTest.verifyAddTimesTest(CalculatorVerifyTest.java:69)
But invoked here:
-> at kba.demo.Calculator.calculateProduct(Calculator.java:21) with arguments: [4, 5]

	at kba.demo.CalculatorVerifyTest.verifyAddTimesTest(CalculatorVerifyTest.java:69)
	at java.base/java.lang.reflect.Method.invoke(Method.java:580)
	at java.base/java.util.ArrayList.forEach(ArrayList.java:1597)
	at java.base/java.util.ArrayList.forEach(ArrayList.java:1597)
]]></failure>
  </testcase>
</testsuite>